/usr/lib64/python2.7/site-packages/setuptools-1.3.2-py2.7.egg/pkg_resources.py:979: UserWarning: /home/hadoop/.python-eggs is writable by group/others and vulnerable to attack when used with get_resource_filename. Consider a more secure location (set with .set_extraction_path or the PYTHON_EGG_CACHE environment variable).
Traceback (most recent call last):
  File "/home/hadoop/nosql/hadoop/src/train.py", line 49, in <module>
    word_vec_model.save(spark,'mude/title_word2vec.model')
  File "/home/hadoop/hadoop_nfs/spark-1.5.2-bin-hadoop2.6/python/lib/pyspark.zip/pyspark/mllib/util.py", line 232, in save
    
  File "/home/hadoop/hadoop_nfs/spark-1.5.2-bin-hadoop2.6/python/lib/py4j-0.8.2.1-src.zip/py4j/java_gateway.py", line 538, in __call__
  File "/home/hadoop/hadoop_nfs/spark-1.5.2-bin-hadoop2.6/python/lib/py4j-0.8.2.1-src.zip/py4j/protocol.py", line 300, in get_return_value
py4j.protocol.Py4JJavaError: An error occurred while calling o37.save.
: org.apache.hadoop.mapred.FileAlreadyExistsException: Output directory hdfs://172.18.182.237:9000/user/hadoop/mude/title_word2vec.model/metadata already exists
	at org.apache.hadoop.mapred.FileOutputFormat.checkOutputSpecs(FileOutputFormat.java:132)
	at org.apache.spark.rdd.PairRDDFunctions$$anonfun$saveAsHadoopDataset$1.apply$mcV$sp(PairRDDFunctions.scala:1089)
	at org.apache.spark.rdd.PairRDDFunctions$$anonfun$saveAsHadoopDataset$1.apply(PairRDDFunctions.scala:1065)
	at org.apache.spark.rdd.PairRDDFunctions$$anonfun$saveAsHadoopDataset$1.apply(PairRDDFunctions.scala:1065)
	at org.apache.spark.rdd.RDDOperationScope$.withScope(RDDOperationScope.scala:147)
	at org.apache.spark.rdd.RDDOperationScope$.withScope(RDDOperationScope.scala:108)
	at org.apache.spark.rdd.RDD.withScope(RDD.scala:310)
	at org.apache.spark.rdd.PairRDDFunctions.saveAsHadoopDataset(PairRDDFunctions.scala:1065)
	at org.apache.spark.rdd.PairRDDFunctions$$anonfun$saveAsHadoopFile$4.apply$mcV$sp(PairRDDFunctions.scala:989)
	at org.apache.spark.rdd.PairRDDFunctions$$anonfun$saveAsHadoopFile$4.apply(PairRDDFunctions.scala:965)
	at org.apache.spark.rdd.PairRDDFunctions$$anonfun$saveAsHadoopFile$4.apply(PairRDDFunctions.scala:965)
	at org.apache.spark.rdd.RDDOperationScope$.withScope(RDDOperationScope.scala:147)
	at org.apache.spark.rdd.RDDOperationScope$.withScope(RDDOperationScope.scala:108)
	at org.apache.spark.rdd.RDD.withScope(RDD.scala:310)
	at org.apache.spark.rdd.PairRDDFunctions.saveAsHadoopFile(PairRDDFunctions.scala:965)
	at org.apache.spark.rdd.PairRDDFunctions$$anonfun$saveAsHadoopFile$1.apply$mcV$sp(PairRDDFunctions.scala:897)
	at org.apache.spark.rdd.PairRDDFunctions$$anonfun$saveAsHadoopFile$1.apply(PairRDDFunctions.scala:897)
	at org.apache.spark.rdd.PairRDDFunctions$$anonfun$saveAsHadoopFile$1.apply(PairRDDFunctions.scala:897)
	at org.apache.spark.rdd.RDDOperationScope$.withScope(RDDOperationScope.scala:147)
	at org.apache.spark.rdd.RDDOperationScope$.withScope(RDDOperationScope.scala:108)
	at org.apache.spark.rdd.RDD.withScope(RDD.scala:310)
	at org.apache.spark.rdd.PairRDDFunctions.saveAsHadoopFile(PairRDDFunctions.scala:896)
	at org.apache.spark.rdd.RDD$$anonfun$saveAsTextFile$1.apply$mcV$sp(RDD.scala:1430)
	at org.apache.spark.rdd.RDD$$anonfun$saveAsTextFile$1.apply(RDD.scala:1409)
	at org.apache.spark.rdd.RDD$$anonfun$saveAsTextFile$1.apply(RDD.scala:1409)
	at org.apache.spark.rdd.RDDOperationScope$.withScope(RDDOperationScope.scala:147)
	at org.apache.spark.rdd.RDDOperationScope$.withScope(RDDOperationScope.scala:108)
	at org.apache.spark.rdd.RDD.withScope(RDD.scala:310)
	at org.apache.spark.rdd.RDD.saveAsTextFile(RDD.scala:1409)
	at org.apache.spark.mllib.feature.Word2VecModel$SaveLoadV1_0$.save(Word2Vec.scala:613)
	at org.apache.spark.mllib.feature.Word2VecModel.save(Word2Vec.scala:485)
	at org.apache.spark.mllib.api.python.PythonMLLibAPI$Word2VecModelWrapper.save(PythonMLLibAPI.scala:671)
	at sun.reflect.NativeMethodAccessorImpl.invoke0(Native Method)
	at sun.reflect.NativeMethodAccessorImpl.invoke(NativeMethodAccessorImpl.java:57)
	at sun.reflect.DelegatingMethodAccessorImpl.invoke(DelegatingMethodAccessorImpl.java:43)
	at java.lang.reflect.Method.invoke(Method.java:606)
	at py4j.reflection.MethodInvoker.invoke(MethodInvoker.java:231)
	at py4j.reflection.ReflectionEngine.invoke(ReflectionEngine.java:379)
	at py4j.Gateway.invoke(Gateway.java:259)
	at py4j.commands.AbstractCommand.invokeMethod(AbstractCommand.java:133)
	at py4j.commands.CallCommand.execute(CallCommand.java:79)
	at py4j.GatewayConnection.run(GatewayConnection.java:207)
	at java.lang.Thread.run(Thread.java:745)

